<?xml version="1.0" encoding="UTF-8"?>
<robot generator="Robot 6.1 (Python 3.11.4 on win32)" generated="20230807 23:06:31.640" rpa="false" schemaversion="4">
<suite id="s1" name="Api testing usuarios" source="c:\CursoUdemy\RobotFramework\ApiTesting\Tests\Api_testing_usuarios.robot">
<test id="s1-t1" name="Cenário 01: Cadastrar um novo usuário com sucesso na ServeRest" line="6">
<kw name="Criar um usuário novo" library="api_testing_usuarios">
<kw name="Generate Random String" library="String">
<var>${palavra_aleatoria}</var>
<arg>length=4</arg>
<arg>chars=[LETTERS]</arg>
<doc>Generates a string with a desired ``length`` from the given ``chars``.</doc>
<msg timestamp="20230807 23:06:31.809" level="INFO">${palavra_aleatoria} = Yyoh</msg>
<status status="PASS" starttime="20230807 23:06:31.808" endtime="20230807 23:06:31.813"/>
</kw>
<kw name="Convert To Lower Case" library="String">
<var>${palavra_aleatoria}</var>
<arg>${palavra_aleatoria}</arg>
<doc>Converts string to lower case.</doc>
<msg timestamp="20230807 23:06:31.814" level="INFO">${palavra_aleatoria} = yyoh</msg>
<status status="PASS" starttime="20230807 23:06:31.813" endtime="20230807 23:06:31.815"/>
</kw>
<kw name="Set Test Variable" library="BuiltIn">
<arg>${EMAIL_TESTE}</arg>
<arg>${palavra_aleatoria}@emailteste.com</arg>
<doc>Makes a variable available everywhere within the scope of the current test.</doc>
<msg timestamp="20230807 23:06:31.816" level="INFO">${EMAIL_TESTE} = yyoh@emailteste.com</msg>
<status status="PASS" starttime="20230807 23:06:31.815" endtime="20230807 23:06:31.817"/>
</kw>
<kw name="Log" library="BuiltIn">
<arg>${EMAIL_TESTE}</arg>
<doc>Logs the given message with the given level.</doc>
<msg timestamp="20230807 23:06:31.817" level="INFO">yyoh@emailteste.com</msg>
<status status="PASS" starttime="20230807 23:06:31.817" endtime="20230807 23:06:31.817"/>
</kw>
<status status="PASS" starttime="20230807 23:06:31.808" endtime="20230807 23:06:31.818"/>
</kw>
<kw name="Cadastrar o usuário criado na ServeRest" library="api_testing_usuarios">
<kw name="Create Dictionary" library="BuiltIn">
<var>${body}</var>
<arg>nome=Fulano da Silva</arg>
<arg>email=${EMAIL_TESTE}</arg>
<arg>password=1234</arg>
<arg>administrador=true</arg>
<doc>Creates and returns a dictionary based on the given ``items``.</doc>
<msg timestamp="20230807 23:06:31.821" level="INFO">${body} = {'nome': 'Fulano da Silva', 'email': 'yyoh@emailteste.com', 'password': '1234', 'administrador': 'true'}</msg>
<status status="PASS" starttime="20230807 23:06:31.820" endtime="20230807 23:06:31.821"/>
</kw>
<kw name="Log" library="BuiltIn">
<arg>${body}</arg>
<doc>Logs the given message with the given level.</doc>
<msg timestamp="20230807 23:06:31.823" level="INFO">{'nome': 'Fulano da Silva', 'email': 'yyoh@emailteste.com', 'password': '1234', 'administrador': 'true'}</msg>
<status status="PASS" starttime="20230807 23:06:31.822" endtime="20230807 23:06:31.825"/>
</kw>
<kw name="Criar Sessão na ServeRest" library="api_testing_usuarios">
<kw name="Create Dictionary" library="BuiltIn">
<var>${headers}</var>
<arg>accept=application/json</arg>
<arg>Content-Type=application/json</arg>
<doc>Creates and returns a dictionary based on the given ``items``.</doc>
<msg timestamp="20230807 23:06:31.832" level="INFO">${headers} = {'accept': 'application/json', 'Content-Type': 'application/json'}</msg>
<status status="PASS" starttime="20230807 23:06:31.831" endtime="20230807 23:06:31.834"/>
</kw>
<kw name="Create Session" library="RequestsLibrary">
<arg>alias=ServeRest</arg>
<arg>url=https://serverest.dev</arg>
<arg>headers=${headers}</arg>
<doc>Create Session: create a HTTP session to a server</doc>
<msg timestamp="20230807 23:06:31.835" level="INFO">Creating Session using : alias=ServeRest, url=https://serverest.dev, headers={'accept': 'application/json', 'Content-Type': 'application/json'},                     cookies={}, auth=None, timeout=None, proxies=None, verify=False,                     debug=0 </msg>
<status status="PASS" starttime="20230807 23:06:31.834" endtime="20230807 23:06:31.835"/>
</kw>
<status status="PASS" starttime="20230807 23:06:31.831" endtime="20230807 23:06:31.835"/>
</kw>
<kw name="POST On Session" library="RequestsLibrary">
<var>${resposta}</var>
<arg>alias=ServeRest</arg>
<arg>url=/usuarios</arg>
<arg>json=${body}</arg>
<doc>Sends a POST request on a previously created HTTP Session.</doc>
<msg timestamp="20230807 23:06:32.374" level="INFO">POST Request : url=https://serverest.dev/usuarios 
 path_url=/usuarios 
 headers={'User-Agent': 'python-requests/2.31.0', 'Accept-Encoding': 'gzip, deflate', 'accept': 'application/json', 'Connection': 'keep-alive', 'Content-Type': 'application/json', 'Content-Length': '104'} 
 body=b'{"nome": "Fulano da Silva", "email": "yyoh@emailteste.com", "password": "1234", "administrador": "true"}' 
 </msg>
<msg timestamp="20230807 23:06:32.374" level="INFO">POST Response : url=https://serverest.dev/usuarios 
 status=201, reason=Created 
 headers={'access-control-allow-origin': '*', 'x-dns-prefetch-control': 'off', 'x-frame-options': 'SAMEORIGIN', 'strict-transport-security': 'max-age=15552000; includeSubDomains', 'x-download-options': 'noopen', 'x-content-type-options': 'nosniff', 'x-xss-protection': '1; mode=block', 'x-moesif-transaction-id': '2de6959d-130a-4406-890c-bf6722639bfc', 'content-type': 'application/json; charset=utf-8', 'X-Cloud-Trace-Context': '80c2aafdbbfd497dae1a26a3021a6e08;o=1', 'Date': 'Tue, 08 Aug 2023 02:06:33 GMT', 'Server': 'Google Frontend', 'Content-Length': '82'} 
 body={
    "message": "Cadastro realizado com sucesso",
    "_id": "tCb9WDhbcNMi2zkY"
} 
 </msg>
<msg timestamp="20230807 23:06:32.374" level="INFO">C:\Users\Mercosul\AppData\Local\Programs\Python\Python311\Lib\site-packages\urllib3\connectionpool.py:1056: InsecureRequestWarning: Unverified HTTPS request is being made to host 'serverest.dev'. Adding certificate verification is strongly advised. See: https://urllib3.readthedocs.io/en/1.26.x/advanced-usage.html#ssl-warnings
  warnings.warn(</msg>
<msg timestamp="20230807 23:06:32.384" level="INFO">${resposta} = &lt;Response [201]&gt;</msg>
<status status="PASS" starttime="20230807 23:06:31.836" endtime="20230807 23:06:32.385"/>
</kw>
<kw name="Log" library="BuiltIn">
<arg>${resposta.json()}</arg>
<doc>Logs the given message with the given level.</doc>
<msg timestamp="20230807 23:06:32.386" level="INFO">{'message': 'Cadastro realizado com sucesso', '_id': 'tCb9WDhbcNMi2zkY'}</msg>
<status status="PASS" starttime="20230807 23:06:32.385" endtime="20230807 23:06:32.386"/>
</kw>
<status status="PASS" starttime="20230807 23:06:31.820" endtime="20230807 23:06:32.386"/>
</kw>
<status status="PASS" starttime="20230807 23:06:31.806" endtime="20230807 23:06:32.387"/>
</test>
<status status="PASS" starttime="20230807 23:06:31.646" endtime="20230807 23:06:32.388"/>
</suite>
<statistics>
<total>
<stat pass="1" fail="0" skip="0">All Tests</stat>
</total>
<tag>
</tag>
<suite>
<stat pass="1" fail="0" skip="0" id="s1" name="Api testing usuarios">Api testing usuarios</stat>
</suite>
</statistics>
<errors>
</errors>
</robot>
